........................R..R.....R...............................................R...................
.....................................R......R..............R.................R..........R............
..R................R............R...........R.......................................R................
....R.....R...R................R......................R.R.........R..................................
........................R.........................................R..........................R.......
............................RR....R..................R.....R..R..................................R...
..........R.....................R.........R.......R..............................R...................
....R......................................R............................................R............
..........................................R.....R.......................R...................R........
............RR................R...............RRR...R................................................
.......R...........................R................R............R...........R...R.R........R........
....R...........R....................................................................................
..........R.....R..........................R...........................RR...................R........
....R...........................................R..R.....R.....................RR..........R.........
.R..................................................................R..............................R.
.R.............R..........R......................................R......R.........R..................
............................R.....................................R..................................
........R...........R...R..R..............R..................RR.........R......................R.....
...R..R................R..........R.........R...........................................R...R........
.............................R.......................................................R...............
.R............................R...............................R.....................................R
...............................R..........R.................R.................................R......
.................................R.........R.......R...........R............................R........
....R......................................R.............R....................R.....................R
........................R....R............................R..................R.....................R.
.........R........R....................R.......................................R.R...................
.............R.........................................................R......R......................
............R.....................................R..................R..............R...............R
.....................................R.....R.........................................................
.....R.............................................................................................R.
..............................R.......R..............................................................
.....................R........................................R.....R....................R...........
.........R.....R.R...............R.......................................................R...........
....R................................R.......................R....................R.........R......R.
......R..........................R................R.R..........R.....R...............................
..........................................................R....................................R.....
....R................................................R...............................................
.............................R..R.......RR.....................R..R...........................R....R.
...R................................R...R.................................R...R......................
.................................R.........R..............................................R.....R....
..........R..............................R...............R....R............R.........................
..................R........R....R...................................................................R
...........................................................R..R........R..R..........................
.........R...R...R..........R..........................R.............................................
.........RR.R............R...........................................R.......................R.......
..............R......................................R..................................R........R...
.....................................RR..........R........R........R....R..........R.....R...........
................................................R.R..........R...................R..R.R..............
...R.............................................R...................................................
............R..............................R.................R.......................................
.................................R.................................R.....R.R..R.......R..............
....R...................R..R.......................................R....R......R........R............
............................................R...............R.........R.............R......R.........
....R.......................................RR...........R......................R....................
....R.R.......R..................R..R.........................R..............................R.......
..R....R...............R.....................R................................................R....R.
..............R.......R.....R............................................................R........R..
...R......................................R...R........................................R.............
.R...............R...................................................................................
............R.................................................................R...R................R.
.........................R.........................R.R..........................R........R...........
.......................................R................................................R.........R..
.................................................................................................R...
.......R............R...........R............R....R............R..............R..........R...........
........................................R...............R............................................
........R.........................................R..............RR...R..............................
......R....R....R.......R..R.....................R......R....R............................R..........
...........................................................................................R......RR.
.....R.RR............R.........R.....................................................................
...............R.....R..........R....R.........R...............................R..........R..........
........R..R.....................R.......R...............R.........................................R.
...........R.....................R.....R.......................................R.....................
.................................................................R..............................R....
...................................R.........................................................R.......
.....................R..............R.....................................R..........................
.R.........R.............................RR.....R........R...........................................
..................................................R.................R.R......R.......................
.R.................................................R..R........RR....................................
.R.........................R............R.R.............R........................R.........RR.......R
..............................................R............R........R................................
.....R....R................................R............R..................................R.........
.............R.........R.........................RR......R........R..................................
........R................................................R...........................................
.....................................................................................................
....RR.R........R...................R....................................R.......................R...
..........R..........................................R..............................................R
................RR...................................................................................
..R..................R.....R.......................R.......R....R.........R...........R..............
.................................R...................................R...........................R...
.............R....R................................R.............................R..........R.......R
.......................................R........R........................R.R.........................
.....................R.........R...R.................R...............................................
......R.........R......................................R................R..........R........R........
...............R.......R.............R...R..................................................R........
.R.........................R............R.............R............R.................................
....................R..........R...................R..R...............................R..............
.......R.........................................................R............RR.....................
..........R..................................R.........R...R.........................................
..........R.....R..R........R..................R.........RR..............................R...........
...........R...........R..........R...........................R...........................R.....R....
.......R..............R....................R......R..........................R............R..R.R.....
.............R...................R.........................................R..........R.........RR...
............RR.........R.................................................R..........R......R.........
